Using pre-set license
Built from '2020.3/staging' branch; Version is '2020.3.26f1 (7298b473bc1a) revision 7510196'; Using compiler version '192528614'; Build Type 'Release'
OS: 'Windows 10  (10.0.19042) 64bit Core' Language: 'en' Physical Memory: 12193 MB
BatchMode: 1, IsHumanControllingUs: 0, StartBugReporterOnCrash: 0, Is64bit: 1, IsPro: 0

COMMAND LINE ARGUMENTS:
C:\Program Files\Unity\Hub\Editor\2020.3.26f1\Editor\Unity.exe
-adb2
-batchMode
-noUpm
-name
AssetImportWorker8
-projectPath
C:/Users/Abdullah123/Downloads/Compressed/Chess-AI-main
-logFile
Logs/AssetImportWorker8.log
-srvPort
63751
Successfully changed project path to: C:/Users/Abdullah123/Downloads/Compressed/Chess-AI-main
C:/Users/Abdullah123/Downloads/Compressed/Chess-AI-main
Using Asset Import Pipeline V2.
Refreshing native plugins compatible for Editor in 237.46 ms, found 2 plugins.
Preloading 0 native plugins for Editor in 0.00 ms.
Initialize engine version: 2020.3.26f1 (7298b473bc1a)
[Subsystems] Discovering subsystems at path C:/Program Files/Unity/Hub/Editor/2020.3.26f1/Editor/Data/Resources/UnitySubsystems
[Subsystems] Discovering subsystems at path C:/Users/Abdullah123/Downloads/Compressed/Chess-AI-main/Assets
GfxDevice: creating device client; threaded=0
Direct3D:
    Version:  Direct3D 11.0 [level 11.1]
    Renderer: AMD Radeon HD 8790M (ID=0x6606)
    Vendor:   
    VRAM:     2027 MB
    Driver:   15.200.1045.0
